Demo/MovTesting_v1.0/app/build/intermediates/manifest_merge_blame_file/debug/manifest-merger-blame-debug-report.txt
1<?xml version="1.0" encoding="utf-8"?>
2<manifest xmlns:android="http://schemas.android.com/apk/res/android"
3    package="com.example.myapplication"
4    android:versionCode="1"
5    android:versionName="1.0" >
6
7    <uses-sdk
8        android:minSdkVersion="33"
8-->src\main\AndroidManifest.xml
9        android:targetSdkVersion="33" />
9-->src\main\AndroidManifest.xml
10
11    <uses-permission android:name="android.permission.READ_MEDIA_VIDEO" />
11-->src\main\AndroidManifest.xml:5:5-75
11-->src\main\AndroidManifest.xml:5:22-72
12    <uses-permission android:name="android.permission.WRITE_EXTERNAL_STORAGE" />
12-->src\main\AndroidManifest.xml:6:5-81
12-->src\main\AndroidManifest.xml:6:22-78
13    <uses-permission android:name="android.permission.INTERNET" />
13-->src\main\AndroidManifest.xml:7:5-66
13-->src\main\AndroidManifest.xml:7:22-64
14    <uses-permission android:name="android.permission.ACCESS_NETWORK_STATE" />
14-->[com.google.android.exoplayer:exoplayer-core:2.14.1] AndroidManifest.xml:24:5-79
14-->[com.google.android.exoplayer:exoplayer-core:2.14.1] AndroidManifest.xml:24:22-76
15
16    <application
16-->src\main\AndroidManifest.xml:9:5-31:19
17        android:allowBackup="true"
17-->src\main\AndroidManifest.xml:10:9-35
18        android:appComponentFactory="androidx.core.app.CoreComponentFactory"
18-->[androidx.core:core:1.7.0] AndroidManifest.xml:24:18-86
19        android:dataExtractionRules="@xml/data_extraction_rules"
19-->src\main\AndroidManifest.xml:11:9-65
20        android:debuggable="true"
21        android:extractNativeLibs="false"
22        android:fullBackupContent="@xml/backup_rules"
22-->src\main\AndroidManifest.xml:12:9-54
23        android:icon="@mipmap/ic_launcher"
23-->src\main\AndroidManifest.xml:13:9-43
24        android:label="@string/app_name"
24-->src\main\AndroidManifest.xml:14:9-41
25        android:supportsRtl="true"
25-->src\main\AndroidManifest.xml:15:9-35
26        android:testOnly="true"
27        android:theme="@style/Theme.MyApplication" >
27-->src\main\AndroidManifest.xml:16:9-51
28        <activity
28-->src\main\AndroidManifest.xml:18:9-21:40
29            android:name="com.example.myapplication.VideoActivity"
29-->src\main\AndroidManifest.xml:19:13-42
30            android:exported="false"
30-->src\main\AndroidManifest.xml:21:13-37
31            android:parentActivityName="com.example.myapplication.MainActivity" />
31-->src\main\AndroidManifest.xml:20:13-55
32        <activity
32-->src\main\AndroidManifest.xml:22:9-30:20
33            android:name="com.example.myapplication.MainActivity"
33-->src\main\AndroidManifest.xml:23:13-41
34            android:exported="true" >
34-->src\main\AndroidManifest.xml:24:13-36
35            <intent-filter>
35-->src\main\AndroidManifest.xml:25:13-29:29
36                <action android:name="android.intent.action.MAIN" />
36-->src\main\AndroidManifest.xml:26:17-69
36-->src\main\AndroidManifest.xml:26:25-66
37
38                <category android:name="android.intent.category.LAUNCHER" />
38-->src\main\AndroidManifest.xml:28:17-77
38-->src\main\AndroidManifest.xml:28:27-74
39            </intent-filter>
40        </activity>
41
42        <provider
42-->[androidx.emoji2:emoji2:1.0.0] AndroidManifest.xml:26:9-34:20
43            android:name="androidx.startup.InitializationProvider"
43-->[androidx.emoji2:emoji2:1.0.0] AndroidManifest.xml:27:13-67
44            android:authorities="com.example.myapplication.androidx-startup"
44-->[androidx.emoji2:emoji2:1.0.0] AndroidManifest.xml:28:13-68
45            android:exported="false" >
45-->[androidx.emoji2:emoji2:1.0.0] AndroidManifest.xml:29:13-37
46            <meta-data
46-->[androidx.emoji2:emoji2:1.0.0] AndroidManifest.xml:31:13-33:52
47                android:name="androidx.emoji2.text.EmojiCompatInitializer"
47-->[androidx.emoji2:emoji2:1.0.0] AndroidManifest.xml:32:17-75
48                android:value="androidx.startup" />
48-->[androidx.emoji2:emoji2:1.0.0] AndroidManifest.xml:33:17-49
49            <meta-data
49-->[androidx.lifecycle:lifecycle-process:2.4.0] AndroidManifest.xml:31:13-33:52
50                android:name="androidx.lifecycle.ProcessLifecycleInitializer"
50-->[androidx.lifecycle:lifecycle-process:2.4.0] AndroidManifest.xml:32:17-78
51                android:value="androidx.startup" />
51-->[androidx.lifecycle:lifecycle-process:2.4.0] AndroidManifest.xml:33:17-49
52        </provider>
53    </application>
54
55</manifest>